2025-08-07 12:27:05 - security - INFO - New user registered: admin
2025-08-07 12:27:16 - security - INFO - Successful login for user: admin
2025-08-07 13:41:33 - security - WARNING - Registration attempt for existing username: admin
2025-08-07 13:45:01 - security - INFO - Successful login for user: admin
2025-08-07 13:57:44 - security - INFO - New user registered: admin
2025-08-07 13:57:49 - security - INFO - Successful login for user: admin
2025-08-07 14:16:06 - security - INFO - Successful login for user: admin
2025-08-07 14:55:00 - security - INFO - Successful login for user: admin
2025-08-11 12:04:04 - security - WARNING - Failed login attempt for username: admin
2025-08-11 12:04:09 - security - WARNING - Failed login attempt for username: ashiqkm
2025-08-11 12:04:22 - security - INFO - New user registered: ashiqkm
2025-08-11 12:05:49 - security - INFO - Successful login for user: ashiqkm
2025-08-11 15:57:12 - security - CRITICAL - Admin user created: ashiqkm
2025-08-11 15:57:46 - security - INFO - Admin user ashiqkm logged in successfully.
2025-08-11 15:57:50 - security - INFO - Admin user ashiqkm logged out.
2025-08-11 16:01:20 - security - INFO - Admin user ashiqkm logged in successfully.
2025-08-11 16:12:03 - security - INFO - Admin user ashiqkm logged in successfully.
2025-08-11 16:14:39 - security - INFO - Admin user ashiqkm logged out.
2025-08-11 16:14:43 - security - WARNING - Failed admin login attempt for username: ashiqkm
2025-08-11 16:15:10 - security - INFO - Admin user ashiqkm logged in successfully.
2025-08-11 16:16:24 - security - INFO - Successful login for user: ashiqkm
2025-08-11 20:27:39 - security - WARNING - Failed admin login attempt for username: ashiqkm
2025-08-11 20:28:18 - security - CRITICAL - Admin user 'ashiqkm' created via API request.
2025-08-11 20:28:25 - security - INFO - Admin user ashiqkm logged in successfully.
2025-08-11 20:40:51 - security - INFO - Successful login for user: ashiqkm
2025-08-11 20:57:12 - security - INFO - Admin user ashiqkm logged out.
2025-08-12 10:10:35 - security - INFO - Admin user ashiqkm logged in successfully.
